[2023-07-22 15:07:35 +0300] [8825] [DEBUG] Current configuration:
  config: ./gunicorn.conf.py
  wsgi_app: None
  bind: ['0.0.0.0:33666']
  backlog: 2048
  workers: 1
  worker_class: geventwebsocket.gunicorn.workers.GeventWebSocketWorker
  threads: 100
  worker_connections: 1000
  max_requests: 0
  max_requests_jitter: 0
  timeout: 30
  graceful_timeout: 30
  keepalive: 2
  limit_request_line: 4094
  limit_request_fields: 100
  limit_request_field_size: 8190
  reload: False
  reload_engine: auto
  reload_extra_files: []
  spew: False
  check_config: False
  print_config: False
  preload_app: False
  sendfile: None
  reuse_port: False
  chdir: /apps
  daemon: False
  raw_env: []
  pidfile: None
  worker_tmp_dir: None
  user: 0
  group: 0
  umask: 0
  initgroups: False
  tmp_upload_dir: None
  secure_scheme_headers: {'X-FORWARDED-PROTOCOL': 'ssl', 'X-FORWARDED-PROTO': 'https', 'X-FORWARDED-SSL': 'on'}
  forwarded_allow_ips: ['127.0.0.1']
  accesslog: None
  disable_redirect_access_to_syslog: False
  access_log_format: %(h)s %(l)s %(u)s %(t)s "%(r)s" %(s)s %(b)s "%(f)s" "%(a)s"
  errorlog: /apps/kvas/logs/gunicorn.log
  loglevel: debug
  capture_output: False
  logger_class: gunicorn.glogging.Logger
  logconfig: None
  logconfig_dict: {}
  syslog_addr: udp://localhost:514
  syslog: False
  syslog_prefix: None
  syslog_facility: user
  enable_stdio_inheritance: False
  statsd_host: None
  dogstatsd_tags: 
  statsd_prefix: 
  proc_name: None
  default_proc_name: api:app
  pythonpath: None
  paste: None
  on_starting: <function OnStarting.on_starting at 0x7ff068b2b280>
  on_reload: <function OnReload.on_reload at 0x7ff068b2b3a0>
  when_ready: <function WhenReady.when_ready at 0x7ff068b2b4c0>
  pre_fork: <function Prefork.pre_fork at 0x7ff068b2b5e0>
  post_fork: <function Postfork.post_fork at 0x7ff068b2b700>
  post_worker_init: <function PostWorkerInit.post_worker_init at 0x7ff068b2b820>
  worker_int: <function WorkerInt.worker_int at 0x7ff068b2b940>
  worker_abort: <function WorkerAbort.worker_abort at 0x7ff068b2ba60>
  pre_exec: <function PreExec.pre_exec at 0x7ff068b2bb80>
  pre_request: <function PreRequest.pre_request at 0x7ff068b2bca0>
  post_request: <function PostRequest.post_request at 0x7ff068b2bd30>
  child_exit: <function ChildExit.child_exit at 0x7ff068b2be50>
  worker_exit: <function WorkerExit.worker_exit at 0x7ff068b2bf70>
  nworkers_changed: <function NumWorkersChanged.nworkers_changed at 0x7ff068ac10d0>
  on_exit: <function OnExit.on_exit at 0x7ff068ac11f0>
  proxy_protocol: False
  proxy_allow_ips: ['127.0.0.1']
  keyfile: None
  certfile: None
  ssl_version: 2
  cert_reqs: 0
  ca_certs: None
  suppress_ragged_eofs: True
  do_handshake_on_connect: False
  ciphers: None
  raw_paste_global_conf: []
  strip_header_spaces: False
[2023-07-22 15:07:35 +0300] [8825] [INFO] Starting gunicorn 20.1.0
[2023-07-22 15:07:35 +0300] [8825] [DEBUG] Arbiter booted
[2023-07-22 15:07:35 +0300] [8825] [INFO] Listening at: http://0.0.0.0:33666 (8825)
[2023-07-22 15:07:35 +0300] [8825] [INFO] Using worker: geventwebsocket.gunicorn.workers.GeventWebSocketWorker
[2023-07-22 15:07:35 +0300] [8826] [INFO] Booting worker with pid: 8826
[2023-07-22 15:07:35 +0300] [8825] [DEBUG] 1 workers
[2023-07-22 15:07:35 +0300] [8826] [DEBUG] Exception while loading the application
Traceback (most recent call last):
  File "/apps/kvas/venv/lib/python3.9/site-packages/gunicorn/util.py", line 402, in import_app
    app = getattr(mod, name)
AttributeError: module 'api' has no attribute 'app'

During handling of the above exception, another exception occurred:

Traceback (most recent call last):
  File "/apps/kvas/venv/lib/python3.9/site-packages/gunicorn/arbiter.py", line 589, in spawn_worker
    worker.init_process()
  File "/apps/kvas/venv/lib/python3.9/site-packages/gunicorn/workers/ggevent.py", line 146, in init_process
    super().init_process()
  File "/apps/kvas/venv/lib/python3.9/site-packages/gunicorn/workers/base.py", line 134, in init_process
    self.load_wsgi()
  File "/apps/kvas/venv/lib/python3.9/site-packages/gunicorn/workers/base.py", line 146, in load_wsgi
    self.wsgi = self.app.wsgi()
  File "/apps/kvas/venv/lib/python3.9/site-packages/gunicorn/app/base.py", line 67, in wsgi
    self.callable = self.load()
  File "/apps/kvas/venv/lib/python3.9/site-packages/gunicorn/app/wsgiapp.py", line 58, in load
    return self.load_wsgiapp()
  File "/apps/kvas/venv/lib/python3.9/site-packages/gunicorn/app/wsgiapp.py", line 48, in load_wsgiapp
    return util.import_app(self.app_uri)
  File "/apps/kvas/venv/lib/python3.9/site-packages/gunicorn/util.py", line 406, in import_app
    raise AppImportError("Failed to find attribute %r in %r." % (name, module))
gunicorn.errors.AppImportError: Failed to find attribute 'app' in 'api'.
[2023-07-22 15:07:35 +0300] [8826] [INFO] Worker exiting (pid: 8826)
[2023-07-22 15:07:35 +0300] [8825] [INFO] Shutting down: Master
[2023-07-22 15:07:35 +0300] [8825] [INFO] Reason: App failed to load.
[2023-07-22 15:07:41 +0300] [8827] [DEBUG] Current configuration:
  config: ./gunicorn.conf.py
  wsgi_app: None
  bind: ['0.0.0.0:33666']
  backlog: 2048
  workers: 1
  worker_class: geventwebsocket.gunicorn.workers.GeventWebSocketWorker
  threads: 100
  worker_connections: 1000
  max_requests: 0
  max_requests_jitter: 0
  timeout: 30
  graceful_timeout: 30
  keepalive: 2
  limit_request_line: 4094
  limit_request_fields: 100
  limit_request_field_size: 8190
  reload: False
  reload_engine: auto
  reload_extra_files: []
  spew: False
  check_config: False
  print_config: False
  preload_app: False
  sendfile: None
  reuse_port: False
  chdir: /apps/kvas
  daemon: False
  raw_env: []
  pidfile: None
  worker_tmp_dir: None
  user: 0
  group: 0
  umask: 0
  initgroups: False
  tmp_upload_dir: None
  secure_scheme_headers: {'X-FORWARDED-PROTOCOL': 'ssl', 'X-FORWARDED-PROTO': 'https', 'X-FORWARDED-SSL': 'on'}
  forwarded_allow_ips: ['127.0.0.1']
  accesslog: None
  disable_redirect_access_to_syslog: False
  access_log_format: %(h)s %(l)s %(u)s %(t)s "%(r)s" %(s)s %(b)s "%(f)s" "%(a)s"
  errorlog: /apps/kvas/logs/gunicorn.log
  loglevel: debug
  capture_output: False
  logger_class: gunicorn.glogging.Logger
  logconfig: None
  logconfig_dict: {}
  syslog_addr: udp://localhost:514
  syslog: False
  syslog_prefix: None
  syslog_facility: user
  enable_stdio_inheritance: False
  statsd_host: None
  dogstatsd_tags: 
  statsd_prefix: 
  proc_name: None
  default_proc_name: api:app
  pythonpath: None
  paste: None
  on_starting: <function OnStarting.on_starting at 0x7fba9711c280>
  on_reload: <function OnReload.on_reload at 0x7fba9711c3a0>
  when_ready: <function WhenReady.when_ready at 0x7fba9711c4c0>
  pre_fork: <function Prefork.pre_fork at 0x7fba9711c5e0>
  post_fork: <function Postfork.post_fork at 0x7fba9711c700>
  post_worker_init: <function PostWorkerInit.post_worker_init at 0x7fba9711c820>
  worker_int: <function WorkerInt.worker_int at 0x7fba9711c940>
  worker_abort: <function WorkerAbort.worker_abort at 0x7fba9711ca60>
  pre_exec: <function PreExec.pre_exec at 0x7fba9711cb80>
  pre_request: <function PreRequest.pre_request at 0x7fba9711cca0>
  post_request: <function PostRequest.post_request at 0x7fba9711cd30>
  child_exit: <function ChildExit.child_exit at 0x7fba9711ce50>
  worker_exit: <function WorkerExit.worker_exit at 0x7fba9711cf70>
  nworkers_changed: <function NumWorkersChanged.nworkers_changed at 0x7fba970b20d0>
  on_exit: <function OnExit.on_exit at 0x7fba970b21f0>
  proxy_protocol: False
  proxy_allow_ips: ['127.0.0.1']
  keyfile: None
  certfile: None
  ssl_version: 2
  cert_reqs: 0
  ca_certs: None
  suppress_ragged_eofs: True
  do_handshake_on_connect: False
  ciphers: None
  raw_paste_global_conf: []
  strip_header_spaces: False
[2023-07-22 15:07:41 +0300] [8827] [INFO] Starting gunicorn 20.1.0
[2023-07-22 15:07:41 +0300] [8827] [DEBUG] Arbiter booted
[2023-07-22 15:07:41 +0300] [8827] [INFO] Listening at: http://0.0.0.0:33666 (8827)
[2023-07-22 15:07:41 +0300] [8827] [INFO] Using worker: geventwebsocket.gunicorn.workers.GeventWebSocketWorker
[2023-07-22 15:07:41 +0300] [8828] [INFO] Booting worker with pid: 8828
[2023-07-22 15:07:41 +0300] [8827] [DEBUG] 1 workers
[2023-07-22 15:08:19 +0300] [8827] [INFO] Handling signal: int
[2023-07-22 15:08:19 +0300] [8828] [INFO] Worker exiting (pid: 8828)
[2023-07-22 15:08:19 +0300] [8827] [INFO] Shutting down: Master
[2023-07-22 15:08:38 +0300] [8832] [DEBUG] Current configuration:
  config: ./gunicorn.conf.py
  wsgi_app: None
  bind: ['0.0.0.0:11133']
  backlog: 2048
  workers: 1
  worker_class: geventwebsocket.gunicorn.workers.GeventWebSocketWorker
  threads: 100
  worker_connections: 1000
  max_requests: 0
  max_requests_jitter: 0
  timeout: 30
  graceful_timeout: 30
  keepalive: 2
  limit_request_line: 4094
  limit_request_fields: 100
  limit_request_field_size: 8190
  reload: False
  reload_engine: auto
  reload_extra_files: []
  spew: False
  check_config: False
  print_config: False
  preload_app: False
  sendfile: None
  reuse_port: False
  chdir: /apps/kvas
  daemon: False
  raw_env: []
  pidfile: None
  worker_tmp_dir: None
  user: 0
  group: 0
  umask: 0
  initgroups: False
  tmp_upload_dir: None
  secure_scheme_headers: {'X-FORWARDED-PROTOCOL': 'ssl', 'X-FORWARDED-PROTO': 'https', 'X-FORWARDED-SSL': 'on'}
  forwarded_allow_ips: ['127.0.0.1']
  accesslog: None
  disable_redirect_access_to_syslog: False
  access_log_format: %(h)s %(l)s %(u)s %(t)s "%(r)s" %(s)s %(b)s "%(f)s" "%(a)s"
  errorlog: /apps/kvas/logs/gunicorn.log
  loglevel: debug
  capture_output: False
  logger_class: gunicorn.glogging.Logger
  logconfig: None
  logconfig_dict: {}
  syslog_addr: udp://localhost:514
  syslog: False
  syslog_prefix: None
  syslog_facility: user
  enable_stdio_inheritance: False
  statsd_host: None
  dogstatsd_tags: 
  statsd_prefix: 
  proc_name: None
  default_proc_name: api:app
  pythonpath: None
  paste: None
  on_starting: <function OnStarting.on_starting at 0x7f80be225280>
  on_reload: <function OnReload.on_reload at 0x7f80be2253a0>
  when_ready: <function WhenReady.when_ready at 0x7f80be2254c0>
  pre_fork: <function Prefork.pre_fork at 0x7f80be2255e0>
  post_fork: <function Postfork.post_fork at 0x7f80be225700>
  post_worker_init: <function PostWorkerInit.post_worker_init at 0x7f80be225820>
  worker_int: <function WorkerInt.worker_int at 0x7f80be225940>
  worker_abort: <function WorkerAbort.worker_abort at 0x7f80be225a60>
  pre_exec: <function PreExec.pre_exec at 0x7f80be225b80>
  pre_request: <function PreRequest.pre_request at 0x7f80be225ca0>
  post_request: <function PostRequest.post_request at 0x7f80be225d30>
  child_exit: <function ChildExit.child_exit at 0x7f80be225e50>
  worker_exit: <function WorkerExit.worker_exit at 0x7f80be225f70>
  nworkers_changed: <function NumWorkersChanged.nworkers_changed at 0x7f80be1bb0d0>
  on_exit: <function OnExit.on_exit at 0x7f80be1bb1f0>
  proxy_protocol: False
  proxy_allow_ips: ['127.0.0.1']
  keyfile: None
  certfile: None
  ssl_version: 2
  cert_reqs: 0
  ca_certs: None
  suppress_ragged_eofs: True
  do_handshake_on_connect: False
  ciphers: None
  raw_paste_global_conf: []
  strip_header_spaces: False
[2023-07-22 15:08:38 +0300] [8832] [INFO] Starting gunicorn 20.1.0
[2023-07-22 15:08:38 +0300] [8832] [DEBUG] Arbiter booted
[2023-07-22 15:08:38 +0300] [8832] [INFO] Listening at: http://0.0.0.0:11133 (8832)
[2023-07-22 15:08:38 +0300] [8832] [INFO] Using worker: geventwebsocket.gunicorn.workers.GeventWebSocketWorker
[2023-07-22 15:08:38 +0300] [8833] [INFO] Booting worker with pid: 8833
[2023-07-22 15:08:38 +0300] [8832] [DEBUG] 1 workers
[2023-07-22 15:08:45 +0300] [8832] [INFO] Handling signal: int
[2023-07-22 15:08:46 +0300] [8833] [INFO] Worker exiting (pid: 8833)
[2023-07-22 15:08:46 +0300] [8832] [INFO] Shutting down: Master
[2023-07-22 15:10:07 +0300] [8845] [DEBUG] Current configuration:
  config: ./gunicorn.conf.py
  wsgi_app: None
  bind: ['0.0.0.0:11133']
  backlog: 2048
  workers: 1
  worker_class: geventwebsocket.gunicorn.workers.GeventWebSocketWorker
  threads: 1
  worker_connections: 1000
  max_requests: 0
  max_requests_jitter: 0
  timeout: 30
  graceful_timeout: 30
  keepalive: 2
  limit_request_line: 4094
  limit_request_fields: 100
  limit_request_field_size: 8190
  reload: False
  reload_engine: auto
  reload_extra_files: []
  spew: False
  check_config: False
  print_config: False
  preload_app: False
  sendfile: None
  reuse_port: False
  chdir: /apps/kvas
  daemon: False
  raw_env: []
  pidfile: None
  worker_tmp_dir: None
  user: 0
  group: 0
  umask: 0
  initgroups: False
  tmp_upload_dir: None
  secure_scheme_headers: {'X-FORWARDED-PROTOCOL': 'ssl', 'X-FORWARDED-PROTO': 'https', 'X-FORWARDED-SSL': 'on'}
  forwarded_allow_ips: ['127.0.0.1']
  accesslog: None
  disable_redirect_access_to_syslog: False
  access_log_format: %(h)s %(l)s %(u)s %(t)s "%(r)s" %(s)s %(b)s "%(f)s" "%(a)s"
  errorlog: /apps/kvas/logs/gunicorn.log
  loglevel: debug
  capture_output: False
  logger_class: gunicorn.glogging.Logger
  logconfig: None
  logconfig_dict: {}
  syslog_addr: udp://localhost:514
  syslog: False
  syslog_prefix: None
  syslog_facility: user
  enable_stdio_inheritance: False
  statsd_host: None
  dogstatsd_tags: 
  statsd_prefix: 
  proc_name: None
  default_proc_name: api:app
  pythonpath: None
  paste: None
  on_starting: <function OnStarting.on_starting at 0x7f1d054c9280>
  on_reload: <function OnReload.on_reload at 0x7f1d054c93a0>
  when_ready: <function WhenReady.when_ready at 0x7f1d054c94c0>
  pre_fork: <function Prefork.pre_fork at 0x7f1d054c95e0>
  post_fork: <function Postfork.post_fork at 0x7f1d054c9700>
  post_worker_init: <function PostWorkerInit.post_worker_init at 0x7f1d054c9820>
  worker_int: <function WorkerInt.worker_int at 0x7f1d054c9940>
  worker_abort: <function WorkerAbort.worker_abort at 0x7f1d054c9a60>
  pre_exec: <function PreExec.pre_exec at 0x7f1d054c9b80>
  pre_request: <function PreRequest.pre_request at 0x7f1d054c9ca0>
  post_request: <function PostRequest.post_request at 0x7f1d054c9d30>
  child_exit: <function ChildExit.child_exit at 0x7f1d054c9e50>
  worker_exit: <function WorkerExit.worker_exit at 0x7f1d054c9f70>
  nworkers_changed: <function NumWorkersChanged.nworkers_changed at 0x7f1d0545f0d0>
  on_exit: <function OnExit.on_exit at 0x7f1d0545f1f0>
  proxy_protocol: False
  proxy_allow_ips: ['127.0.0.1']
  keyfile: /apps/kvas/certs/api.zeleza.ru.key
  certfile: /apps/kvas/certs/api.zeleza.ru.crt
  ssl_version: 2
  cert_reqs: 0
  ca_certs: None
  suppress_ragged_eofs: True
  do_handshake_on_connect: False
  ciphers: None
  raw_paste_global_conf: []
  strip_header_spaces: False
[2023-07-22 15:10:07 +0300] [8845] [INFO] Starting gunicorn 20.1.0
[2023-07-22 15:10:07 +0300] [8845] [DEBUG] Arbiter booted
[2023-07-22 15:10:07 +0300] [8845] [INFO] Listening at: https://0.0.0.0:11133 (8845)
[2023-07-22 15:10:07 +0300] [8845] [INFO] Using worker: geventwebsocket.gunicorn.workers.GeventWebSocketWorker
[2023-07-22 15:10:07 +0300] [8846] [INFO] Booting worker with pid: 8846
[2023-07-22 15:10:07 +0300] [8845] [DEBUG] 1 workers
[2023-07-22 15:10:20 +0300] [8845] [INFO] Handling signal: int
[2023-07-22 15:10:20 +0300] [8846] [INFO] Worker exiting (pid: 8846)
[2023-07-22 15:10:20 +0300] [8845] [INFO] Shutting down: Master
